================================================================================
                                TEST EXECUTION LOG
================================================================================

[INFO] Scanning for projects...
[INFO] Loaded 21976 auto-discovered prefixes for remote repository central
[INFO] 
[INFO] --------< com.restaurant:analytics-backend >--------
[INFO] Building Restaurant Analytics Backend 1.0.0
[INFO]   from pom.xml
[INFO] ----------------------[ jar ]-----------------------

[INFO] --- resources:3.3.1:resources (default-resources) @ analytics-backend ---
[INFO] Copying 1 resource from src\main\resources to target\classes
[INFO] Copying 0 resource from src\main\resources to target\classes

[INFO] --- compiler:3.11.0:compile (default-compile) @ analytics-backend ---
[INFO] Nothing to compile - all classes are up to date

[INFO] --- resources:3.3.1:testResources (default-testResources) @ analytics-backend ---
[INFO] Copying 0 resource from src\test\resources to target\test-classes

[INFO] --- compiler:3.11.0:testCompile (default-testCompile) @ analytics-backend ---
[INFO] Nothing to compile - all classes are up to date

[INFO] --- surefire:3.1.2:test (default-test) @ analytics-backend ---
[INFO] Using auto detected provider org.apache.maven.surefire.junitplatform.JUnitPlatformProvider

================================================================================
                                TEST EXECUTION RESULTS
================================================================================

[INFO] -------------------------------------------------------
[INFO]  T E S T S
[INFO] -------------------------------------------------------

TEST CLASS 1: AnomalyDetectionServiceTest
[INFO] Running com.restaurant.analytics.analytics.AnomalyDetectionServiceTest
[INFO] Tests run: 10, Failures: 0, Errors: 0, Skipped: 0, Time elapsed: 12.40 s
✅ PASSED - All 10 test cases successful

TEST CLASS 2: BranchPerformanceAnalyticsTest  
[INFO] Running com.restaurant.analytics.analytics.BranchPerformanceAnalyticsTest
[INFO] Tests run: 10, Failures: 0, Errors: 0, Skipped: 0, Time elapsed: 0.214 s
✅ PASSED - All 10 test cases successful

TEST CLASS 3: CustomerAnalyticsTest
[INFO] Running com.restaurant.analytics.analytics.CustomerAnalyticsTest
[INFO] Tests run: 10, Failures: 0, Errors: 0, Skipped: 0, Time elapsed: 0.143 s
✅ PASSED - All 10 test cases successful

TEST CLASS 4: MenuAnalyticsTest
[INFO] Running com.restaurant.analytics.analytics.MenuAnalyticsTest
[INFO] Tests run: 10, Failures: 0, Errors: 0, Skipped: 0, Time elapsed: 0.144 s
✅ PASSED - All 10 test cases successful

TEST CLASS 5: PeakDiningAnalyticsTest
[INFO] Running com.restaurant.analytics.analytics.PeakDiningAnalyticsTest
[INFO] Tests run: 10, Failures: 0, Errors: 0, Skipped: 0, Time elapsed: 0.165 s
✅ PASSED - All 10 test cases successful

TEST CLASS 6: RevenueAnalyticsTest
[INFO] Running com.restaurant.analytics.analytics.RevenueAnalyticsTest
[INFO] Tests run: 10, Failures: 0, Errors: 0, Skipped: 0, Time elapsed: 0.157 s
✅ PASSED - All 10 test cases successful

================================================================================
                                FINAL RESULTS SUMMARY
================================================================================

[INFO] Results:
[INFO]
[INFO] Tests run: 60, Failures: 0, Errors: 0, Skipped: 0
[INFO]
[INFO] ----------------------------------------------------
[INFO] BUILD SUCCESS
[INFO] ----------------------------------------------------
[INFO] Total time:  28.473 s
[INFO] Finished at: 2026-01-23T16:04:48+03:00
[INFO] ----------------------------------------------------

================================================================================
                                DETAILED BREAKDOWN
================================================================================

Total Test Classes Executed: 6
Total Test Methods Executed: 60
Success Rate: 100% (60/60)
Failed Tests: 0
Error Tests: 0
Skipped Tests: 0

Execution Time Breakdown:
- AnomalyDetectionServiceTest: 12.40 seconds (includes Spring Boot startup)
- BranchPerformanceAnalyticsTest: 0.214 seconds
- CustomerAnalyticsTest: 0.143 seconds  
- MenuAnalyticsTest: 0.144 seconds
- PeakDiningAnalyticsTest: 0.165 seconds
- RevenueAnalyticsTest: 0.157 seconds

Total Execution Time: 28.473 seconds
Build Status: SUCCESS

================================================================================
                                TESTING MODULES COVERED
================================================================================

1. ✅ Revenue Analytics Module
   - Revenue calculation and analysis
   - Payment method analysis
   - Daily/Monthly revenue trends
   - Average order value calculations
   - Outlet revenue breakdown

2. ✅ Customer Analytics Module  
   - Customer demographics analysis
   - Age and gender distribution
   - Loyalty group analysis
   - Customer segmentation (RFM)
   - Seasonal behavior patterns

3. ✅ Menu Analytics Module
   - Popular items identification
   - Category analysis
   - Item combination detection
   - Spice level preferences
   - Vegetarian analysis

4. ✅ Peak Dining Analytics Module
   - Hourly heatmap generation
   - Peak hour identification
   - Branch performance summaries
   - Daily and weekly patterns

5. ✅ Branch Performance Analytics Module
   - Branch dashboards
   - Performance rankings
   - Efficiency analysis
   - Customer satisfaction metrics

6. ✅ Anomaly Detection Service Module
   - Preparation time anomalies
   - Order volume anomalies  
   - Revenue anomalies
   - Customer behavior anomalies
   - Alert log generation